*** Starting uWSGI 2.0.18 (64bit) on [Mon May  4 18:17:48 2020] ***
compiled with version: 7.5.0 on 02 April 2020 04:26:29
os: Linux-5.3.0-51-generic #44~18.04.2-Ubuntu SMP Thu Apr 23 14:27:18 UTC 2020
nodename: tedu
machine: x86_64
clock source: unix
detected number of CPU cores: 4
current working directory: /home/tarena/aid2002/web/project/WEBLOGS
writing pidfile to uwsgi.pid
detected binary path: /usr/local/bin/uwsgi
!!! no internal routing support, rebuild with pcre support !!!
uWSGI running as root, you can use --uid/--gid/--chroot options
*** WARNING: you are running uWSGI as root !!! (use the --uid flag) *** 
chdir() to /home/tarena/aid2002/web/project/WEBLOGS
your processes number limit is 15449
your memory page size is 4096 bytes
detected max file descriptor number: 1024
lock engine: pthread robust mutexes
thunder lock: disabled (you can enable it with --thunder-lock)
uWSGI http bound on 127.0.0.1:8000 fd 4
uwsgi socket 0 bound to TCP address 127.0.0.1:42079 (port auto-assigned) fd 3
uWSGI running as root, you can use --uid/--gid/--chroot options
*** WARNING: you are running uWSGI as root !!! (use the --uid flag) *** 
Python version: 3.6.9 (default, Apr 18 2020, 01:56:04)  [GCC 8.4.0]
Python main interpreter initialized at 0x5556a644cd80
uWSGI running as root, you can use --uid/--gid/--chroot options
*** WARNING: you are running uWSGI as root !!! (use the --uid flag) *** 
python threads support enabled
your server socket listen backlog is limited to 100 connections
your mercy for graceful operations on workers is 60 seconds
mapped 166752 bytes (162 KB) for 2 cores
*** Operational MODE: threaded ***
WSGI app 0 (mountpoint='') ready in 1 seconds on interpreter 0x5556a644cd80 pid: 10478 (default app)
uWSGI running as root, you can use --uid/--gid/--chroot options
*** WARNING: you are running uWSGI as root !!! (use the --uid flag) *** 
*** uWSGI is running in multiple interpreter mode ***
spawned uWSGI master process (pid: 10478)
spawned uWSGI worker 1 (pid: 10480, cores: 2)
spawned uWSGI http 1 (pid: 10482)
[pid: 10480|app: 0|req: 1/1] 127.0.0.1 () {46 vars in 750 bytes} [Mon May  4 18:19:45 2020] POST /v1/index/index => generated 53 bytes in 95 msecs (HTTP/1.1 200) 5 headers in 146 bytes (1 switches on core 0)
[pid: 10480|app: 0|req: 2/2] 127.0.0.1 () {46 vars in 750 bytes} [Mon May  4 18:20:20 2020] POST /v1/index/index => generated 25 bytes in 34 msecs (HTTP/1.1 200) 5 headers in 146 bytes (1 switches on core 1)
[pid: 10480|app: 0|req: 3/3] 127.0.0.1 () {46 vars in 750 bytes} [Mon May  4 18:23:10 2020] POST /v1/index/index => generated 53 bytes in 21 msecs (HTTP/1.1 200) 5 headers in 146 bytes (1 switches on core 0)
[pid: 10480|app: 0|req: 4/4] 127.0.0.1 () {46 vars in 750 bytes} [Mon May  4 18:23:12 2020] POST /v1/index/index => generated 53 bytes in 29 msecs (HTTP/1.1 200) 5 headers in 146 bytes (1 switches on core 1)
[pid: 10480|app: 0|req: 5/5] 127.0.0.1 () {46 vars in 750 bytes} [Mon May  4 18:23:13 2020] POST /v1/index/index => generated 53 bytes in 20 msecs (HTTP/1.1 200) 5 headers in 146 bytes (1 switches on core 0)
[pid: 10480|app: 0|req: 6/6] 127.0.0.1 () {46 vars in 750 bytes} [Mon May  4 18:23:13 2020] POST /v1/index/index => generated 53 bytes in 19 msecs (HTTP/1.1 200) 5 headers in 146 bytes (1 switches on core 1)
[pid: 10480|app: 0|req: 7/7] 127.0.0.1 () {46 vars in 750 bytes} [Mon May  4 18:23:20 2020] POST /v1/index/index => generated 53 bytes in 22 msecs (HTTP/1.1 200) 5 headers in 146 bytes (1 switches on core 0)
SIGINT/SIGQUIT received...killing workers...
gateway "uWSGI http 1" has been buried (pid: 10482)
worker 1 buried after 1 seconds
goodbye to uWSGI.
*** Starting uWSGI 2.0.18 (64bit) on [Mon May  4 18:56:40 2020] ***
compiled with version: 7.5.0 on 02 April 2020 04:26:29
os: Linux-5.3.0-51-generic #44~18.04.2-Ubuntu SMP Thu Apr 23 14:27:18 UTC 2020
nodename: tedu
machine: x86_64
clock source: unix
detected number of CPU cores: 4
current working directory: /home/tarena/aid2002/web/project/WEBLOGS
writing pidfile to uwsgi.pid
detected binary path: /usr/local/bin/uwsgi
!!! no internal routing support, rebuild with pcre support !!!
uWSGI running as root, you can use --uid/--gid/--chroot options
*** WARNING: you are running uWSGI as root !!! (use the --uid flag) *** 
chdir() to /home/tarena/aid2002/web/project/WEBLOGS
your processes number limit is 15449
your memory page size is 4096 bytes
detected max file descriptor number: 1024
lock engine: pthread robust mutexes
thunder lock: disabled (you can enable it with --thunder-lock)
uWSGI http bound on 127.0.0.1:8000 fd 4
uwsgi socket 0 bound to TCP address 127.0.0.1:41183 (port auto-assigned) fd 3
uWSGI running as root, you can use --uid/--gid/--chroot options
*** WARNING: you are running uWSGI as root !!! (use the --uid flag) *** 
Python version: 3.6.9 (default, Apr 18 2020, 01:56:04)  [GCC 8.4.0]
Python main interpreter initialized at 0x5580c6fa6db0
uWSGI running as root, you can use --uid/--gid/--chroot options
*** WARNING: you are running uWSGI as root !!! (use the --uid flag) *** 
python threads support enabled
your server socket listen backlog is limited to 100 connections
your mercy for graceful operations on workers is 60 seconds
mapped 166752 bytes (162 KB) for 2 cores
*** Operational MODE: threaded ***
WSGI app 0 (mountpoint='') ready in 1 seconds on interpreter 0x5580c6fa6db0 pid: 10751 (default app)
uWSGI running as root, you can use --uid/--gid/--chroot options
*** WARNING: you are running uWSGI as root !!! (use the --uid flag) *** 
*** uWSGI is running in multiple interpreter mode ***
spawned uWSGI master process (pid: 10751)
spawned uWSGI worker 1 (pid: 10753, cores: 2)
spawned uWSGI http 1 (pid: 10755)
[pid: 10753|app: 0|req: 1/1] 127.0.0.1 () {46 vars in 750 bytes} [Mon May  4 18:57:13 2020] POST /v1/index/index => generated 53 bytes in 95 msecs (HTTP/1.1 200) 5 headers in 146 bytes (1 switches on core 0)
[pid: 10753|app: 0|req: 2/2] 127.0.0.1 () {46 vars in 750 bytes} [Mon May  4 21:00:37 2020] POST /v1/index/index => generated 53 bytes in 58 msecs (HTTP/1.1 200) 5 headers in 146 bytes (1 switches on core 1)
[pid: 10753|app: 0|req: 3/3] 127.0.0.1 () {46 vars in 749 bytes} [Mon May  4 23:54:40 2020] POST /v1/index/index => generated 53 bytes in 241 msecs (HTTP/1.1 200) 5 headers in 146 bytes (1 switches on core 0)
[pid: 10753|app: 0|req: 4/4] 127.0.0.1 () {46 vars in 750 bytes} [Mon May  4 23:54:59 2020] POST /v1/index/index => generated 53 bytes in 32 msecs (HTTP/1.1 200) 5 headers in 146 bytes (1 switches on core 1)
